<?xml version="1.0" encoding="UTF-8"?>
<!-- Generated by org.testng.reporters.JUnitXMLReporter -->
<testsuite hostname="Archanalaptop" ignored="1" name="Test2" tests="2" failures="0" timestamp="04 Sep 2020 18:43:45 GMT" time="0.012" errors="0">
  <testcase name="numbersAddition" time="0.002" classname="examples.example2"/>
  <testcase name="numbersAddition" time="0.002" classname="examples.example2"/>
  <testcase name="StringsAddition" time="0.0" classname="examples.example2">
    <ignored/>
  </testcase> <!-- StringsAddition -->
</testsuite> <!-- Test2 -->
