<?xml version="1.0" encoding="UTF-8"?>
<testng-results skipped="0" failed="0" ignored="0" total="1" passed="1">
  <reporter-output>
  </reporter-output>
  <suite name="Default suite" duration-ms="18174" started-at="2020-10-17T23:43:56 IST" finished-at="2020-10-17T23:44:14 IST">
    <groups>
    </groups>
    <test name="Default test" duration-ms="18174" started-at="2020-10-17T23:43:56 IST" finished-at="2020-10-17T23:44:14 IST">
      <class name="examples.WaitForPageExample1">
        <test-method status="PASS" signature="setup()[pri:0, instance:examples.WaitForPageExample1@458c1321]" name="setup" is-config="true" duration-ms="18076" started-at="2020-10-17T23:43:56 IST" finished-at="2020-10-17T23:44:14 IST">
          <reporter-output>
          </reporter-output>
        </test-method> <!-- setup -->
        <test-method status="PASS" signature="clickSearch()[pri:0, instance:examples.WaitForPageExample1@458c1321]" name="clickSearch" duration-ms="64" started-at="2020-10-17T23:44:14 IST" finished-at="2020-10-17T23:44:14 IST">
          <reporter-output>
          </reporter-output>
        </test-method> <!-- clickSearch -->
      </class> <!-- examples.WaitForPageExample1 -->
    </test> <!-- Default test -->
  </suite> <!-- Default suite -->
</testng-results>
